<?xml version="1.0" encoding="UTF-8"?>
<!-- Generated by org.testng.reporters.JUnitXMLReporter -->
<testsuite ignored="0" hostname="RajeshVNs-MacBook-Air.local" failures="1" tests="3" name="Test" time="25.749" errors="0" timestamp="2024-03-24T13:39:39 IST">
  <testcase classname="com.sdet.LoginTest" name="negative_testLogin" time="0.016"/>
  <testcase classname="com.sdet.LoginTest" name="positive_test_Login" time="0.003">
    <failure type="java.lang.AssertionError" message="expected:&amp;lt;1&amp;gt; but was:&amp;lt;0&amp;gt;">
      <![CDATA[java.lang.AssertionError: expected:<1> but was:<0>
at com.sdet.LoginTest.positive_test_Login(LoginTest.java:23)
at java.base/java.util.ArrayList.forEach(ArrayList.java:1511)
... Removed 32 stack frames]]>
    </failure>
  </testcase> <!-- positive_test_Login -->
  <testcase classname="com.sdet.OpenHRM" name="Open_HRM_Login" time="25.636"/>
</testsuite> <!-- Test -->
