<?xml version="1.0" encoding="UTF-8"?>
<!-- Generated by org.testng.reporters.JUnitXMLReporter -->
<testsuite ignored="1" hostname="RajeshVNs-MacBook-Air.local" failures="0" tests="2" name="Test" time="19.254" errors="0" timestamp="2024-03-24T14:32:14 IST">
  <testcase classname="com.sdet.LoginTest" name="negative_testLogin" time="0.03"/>
  <testcase classname="com.sdet.OpenHRM" name="Open_HRM_Login" time="19.146"/>
  <testcase classname="com.sdet.LoginTest" name="positive_test_Login" time="0.0">
    <ignored/>
  </testcase> <!-- positive_test_Login -->
</testsuite> <!-- Test -->
