<?xml version="1.0" encoding="UTF-8"?>
<testng-results ignored="0" total="2" passed="2" failed="0" skipped="0">
  <reporter-output>
  </reporter-output>
  <suite started-at="2024-03-24T14:31:54 IST" name="Suite" finished-at="2024-03-24T14:32:14 IST" duration-ms="19254">
    <groups>
    </groups>
    <test started-at="2024-03-24T14:31:54 IST" name="Test" finished-at="2024-03-24T14:32:14 IST" duration-ms="19254">
      <class name="com.sdet.OpenHRM">
        <test-method signature="Open_HRM_Login()[pri:0, instance:com.sdet.OpenHRM@2aa3cd93]" started-at="2024-03-24T14:31:55 IST" name="Open_HRM_Login" finished-at="2024-03-24T14:32:14 IST" duration-ms="19146" status="PASS">
          <reporter-output>
          </reporter-output>
        </test-method> <!-- Open_HRM_Login -->
      </class> <!-- com.sdet.OpenHRM -->
      <class name="com.sdet.LoginTest">
        <test-method signature="negative_testLogin()[pri:0, instance:com.sdet.LoginTest@1460a8c0]" started-at="2024-03-24T14:31:55 IST" name="negative_testLogin" finished-at="2024-03-24T14:31:55 IST" duration-ms="30" status="PASS">
          <reporter-output>
          </reporter-output>
        </test-method> <!-- negative_testLogin -->
      </class> <!-- com.sdet.LoginTest -->
    </test> <!-- Test -->
  </suite> <!-- Suite -->
</testng-results>
